[0.135s] DEBUG:colcon:Command line arguments: ['/usr/bin/colcon', 'build', '--packages-select', 'keyboard_control2']
[0.135s] DEBUG:colcon:Parsed command line arguments: Namespace(ament_cmake_args=None, base_paths=['.'], build_base='build', catkin_cmake_args=None, catkin_skip_building_tests=False, cmake_args=None, cmake_clean_cache=False, cmake_clean_first=False, cmake_force_configure=False, cmake_target=None, cmake_target_skip_unavailable=False, continue_on_error=False, event_handlers=None, executor='parallel', ignore_user_meta=False, install_base='install', log_base=None, log_level=None, main=<bound method BuildVerb.main of <colcon_core.verb.build.BuildVerb object at 0x7fb3a80641f0>>, merge_install=False, metas=['./colcon.meta'], packages_above=None, packages_above_and_dependencies=None, packages_above_depth=None, packages_end=None, packages_ignore=None, packages_ignore_regex=None, packages_select=['keyboard_control2'], packages_select_build_failed=False, packages_select_by_dep=None, packages_select_regex=None, packages_select_test_failures=False, packages_skip=None, packages_skip_build_finished=False, packages_skip_by_dep=None, packages_skip_regex=None, packages_skip_test_passed=False, packages_skip_up_to=None, packages_start=None, packages_up_to=None, packages_up_to_regex=None, parallel_workers=8, paths=None, symlink_install=False, test_result_base=None, verb_extension=<colcon_core.verb.build.BuildVerb object at 0x7fb3a80641f0>, verb_name='build', verb_parser=<colcon_defaults.argument_parser.defaults.DefaultArgumentsDecorator object at 0x7fb3a8064730>)
[0.172s] Level 1:colcon.colcon_core.package_discovery:discover_packages(colcon_meta) check parameters
[0.172s] Level 1:colcon.colcon_core.package_discovery:discover_packages(recursive) check parameters
[0.173s] Level 1:colcon.colcon_core.package_discovery:discover_packages(ignore) check parameters
[0.173s] Level 1:colcon.colcon_core.package_discovery:discover_packages(path) check parameters
[0.173s] Level 1:colcon.colcon_core.package_discovery:discover_packages(colcon_meta) discover
[0.173s] Level 1:colcon.colcon_core.package_discovery:discover_packages(recursive) discover
[0.173s] INFO:colcon.colcon_core.package_discovery:Crawling recursively for packages in '/home/jordan/ros2_dev_ws/src/keyboard_control2'
[0.173s] Level 1:colcon.colcon_core.package_identification:_identify(.) by extensions ['ignore', 'ignore_ament_install']
[0.173s] Level 1:colcon.colcon_core.package_identification:_identify(.) by extension 'ignore'
[0.173s] Level 1:colcon.colcon_core.package_identification:_identify(.) by extension 'ignore_ament_install'
[0.173s] Level 1:colcon.colcon_core.package_identification:_identify(.) by extensions ['colcon_pkg']
[0.173s] Level 1:colcon.colcon_core.package_identification:_identify(.) by extension 'colcon_pkg'
[0.173s] Level 1:colcon.colcon_core.package_identification:_identify(.) by extensions ['colcon_meta']
[0.173s] Level 1:colcon.colcon_core.package_identification:_identify(.) by extension 'colcon_meta'
[0.173s] Level 1:colcon.colcon_core.package_identification:_identify(.) by extensions ['ros']
[0.173s] Level 1:colcon.colcon_core.package_identification:_identify(.) by extension 'ros'
[0.187s] DEBUG:colcon.colcon_core.package_identification:Package '.' with type 'ros.ament_python' and name 'keyboard_control2'
[0.187s] Level 1:colcon.colcon_core.package_discovery:discover_packages(recursive) using defaults
[0.187s] Level 1:colcon.colcon_core.package_discovery:discover_packages(ignore) discover
[0.187s] Level 1:colcon.colcon_core.package_discovery:discover_packages(ignore) using defaults
[0.187s] Level 1:colcon.colcon_core.package_discovery:discover_packages(path) discover
[0.187s] Level 1:colcon.colcon_core.package_discovery:discover_packages(path) using defaults
[0.192s] Level 5:colcon.colcon_core.verb:set package 'keyboard_control2' build argument 'cmake_args' from command line to 'None'
[0.192s] Level 5:colcon.colcon_core.verb:set package 'keyboard_control2' build argument 'cmake_target' from command line to 'None'
[0.192s] Level 5:colcon.colcon_core.verb:set package 'keyboard_control2' build argument 'cmake_target_skip_unavailable' from command line to 'False'
[0.192s] Level 5:colcon.colcon_core.verb:set package 'keyboard_control2' build argument 'cmake_clean_cache' from command line to 'False'
[0.192s] Level 5:colcon.colcon_core.verb:set package 'keyboard_control2' build argument 'cmake_clean_first' from command line to 'False'
[0.192s] Level 5:colcon.colcon_core.verb:set package 'keyboard_control2' build argument 'cmake_force_configure' from command line to 'False'
[0.192s] Level 5:colcon.colcon_core.verb:set package 'keyboard_control2' build argument 'ament_cmake_args' from command line to 'None'
[0.192s] Level 5:colcon.colcon_core.verb:set package 'keyboard_control2' build argument 'catkin_cmake_args' from command line to 'None'
[0.192s] Level 5:colcon.colcon_core.verb:set package 'keyboard_control2' build argument 'catkin_skip_building_tests' from command line to 'False'
[0.192s] DEBUG:colcon.colcon_core.verb:Building package 'keyboard_control2' with the following arguments: {'ament_cmake_args': None, 'build_base': '/home/jordan/ros2_dev_ws/src/keyboard_control2/build/keyboard_control2', 'catkin_cmake_args': None, 'catkin_skip_building_tests': False, 'cmake_args': None, 'cmake_clean_cache': False, 'cmake_clean_first': False, 'cmake_force_configure': False, 'cmake_target': None, 'cmake_target_skip_unavailable': False, 'install_base': '/home/jordan/ros2_dev_ws/src/keyboard_control2/install/keyboard_control2', 'merge_install': False, 'path': '/home/jordan/ros2_dev_ws/src/keyboard_control2', 'symlink_install': False, 'test_result_base': None}
[0.192s] INFO:colcon.colcon_core.executor:Executing jobs using 'parallel' executor
[0.194s] DEBUG:colcon.colcon_parallel_executor.executor.parallel:run_until_complete
[0.195s] INFO:colcon.colcon_ros.task.ament_python.build:Building ROS package in '/home/jordan/ros2_dev_ws/src/keyboard_control2' with build type 'ament_python'
[0.195s] Level 1:colcon.colcon_core.shell:create_environment_hook('keyboard_control2', 'ament_prefix_path')
[0.199s] INFO:colcon.colcon_core.plugin_system:Skipping extension 'colcon_core.shell.bat': Not used on non-Windows systems
[0.199s] INFO:colcon.colcon_core.shell:Creating environment hook '/home/jordan/ros2_dev_ws/src/keyboard_control2/install/keyboard_control2/share/keyboard_control2/hook/ament_prefix_path.ps1'
[0.199s] INFO:colcon.colcon_core.shell:Creating environment descriptor '/home/jordan/ros2_dev_ws/src/keyboard_control2/install/keyboard_control2/share/keyboard_control2/hook/ament_prefix_path.dsv'
[0.200s] INFO:colcon.colcon_core.shell:Creating environment hook '/home/jordan/ros2_dev_ws/src/keyboard_control2/install/keyboard_control2/share/keyboard_control2/hook/ament_prefix_path.sh'
[0.201s] INFO:colcon.colcon_core.shell:Skip shell extension 'powershell' for command environment: Not usable outside of PowerShell
[0.201s] DEBUG:colcon.colcon_core.shell:Skip shell extension 'dsv' for command environment
[0.203s] DEBUG:colcon.colcon_core.shell:Ignoring prefix path '/opt/ros/foxy'
[0.419s] INFO:colcon.colcon_core.task.python.build:Building Python package in '/home/jordan/ros2_dev_ws/src/keyboard_control2'
[0.422s] INFO:colcon.colcon_core.shell:Skip shell extension 'powershell' for command environment: Not usable outside of PowerShell
[0.422s] DEBUG:colcon.colcon_core.shell:Skip shell extension 'dsv' for command environment
[0.425s] DEBUG:colcon.colcon_core.shell:Ignoring prefix path '/opt/ros/foxy'
[0.437s] DEBUG:colcon.colcon_core.event_handler.log_command:Invoking command in '/home/jordan/ros2_dev_ws/src/keyboard_control2': PYTHONPATH=/home/jordan/ros2_dev_ws/src/keyboard_control2/install/keyboard_control2/lib/python3.8/site-packages:${PYTHONPATH} /usr/bin/python3 setup.py egg_info --egg-base /home/jordan/ros2_dev_ws/src/keyboard_control2/build/keyboard_control2 build --build-base /home/jordan/ros2_dev_ws/src/keyboard_control2/build/keyboard_control2/build install --prefix /home/jordan/ros2_dev_ws/src/keyboard_control2/install/keyboard_control2 --record /home/jordan/ros2_dev_ws/src/keyboard_control2/build/keyboard_control2/install.log --single-version-externally-managed
[0.725s] DEBUG:colcon.colcon_core.event_handler.log_command:Invoked command in '/home/jordan/ros2_dev_ws/src/keyboard_control2' returned '0': PYTHONPATH=/home/jordan/ros2_dev_ws/src/keyboard_control2/install/keyboard_control2/lib/python3.8/site-packages:${PYTHONPATH} /usr/bin/python3 setup.py egg_info --egg-base /home/jordan/ros2_dev_ws/src/keyboard_control2/build/keyboard_control2 build --build-base /home/jordan/ros2_dev_ws/src/keyboard_control2/build/keyboard_control2/build install --prefix /home/jordan/ros2_dev_ws/src/keyboard_control2/install/keyboard_control2 --record /home/jordan/ros2_dev_ws/src/keyboard_control2/build/keyboard_control2/install.log --single-version-externally-managed
[0.728s] Level 1:colcon.colcon_core.environment:checking '/home/jordan/ros2_dev_ws/src/keyboard_control2/install/keyboard_control2' for CMake module files
[0.728s] Level 1:colcon.colcon_core.environment:checking '/home/jordan/ros2_dev_ws/src/keyboard_control2/install/keyboard_control2' for CMake config files
[0.729s] Level 1:colcon.colcon_core.environment:checking '/home/jordan/ros2_dev_ws/src/keyboard_control2/install/keyboard_control2/lib'
[0.729s] Level 1:colcon.colcon_core.environment:checking '/home/jordan/ros2_dev_ws/src/keyboard_control2/install/keyboard_control2/bin'
[0.729s] Level 1:colcon.colcon_core.environment:checking '/home/jordan/ros2_dev_ws/src/keyboard_control2/install/keyboard_control2/lib/pkgconfig/keyboard_control2.pc'
[0.729s] Level 1:colcon.colcon_core.environment:checking '/home/jordan/ros2_dev_ws/src/keyboard_control2/install/keyboard_control2/lib/python3.8/site-packages'
[0.729s] Level 1:colcon.colcon_core.shell:create_environment_hook('keyboard_control2', 'pythonpath')
[0.730s] INFO:colcon.colcon_core.shell:Creating environment hook '/home/jordan/ros2_dev_ws/src/keyboard_control2/install/keyboard_control2/share/keyboard_control2/hook/pythonpath.ps1'
[0.730s] INFO:colcon.colcon_core.shell:Creating environment descriptor '/home/jordan/ros2_dev_ws/src/keyboard_control2/install/keyboard_control2/share/keyboard_control2/hook/pythonpath.dsv'
[0.731s] INFO:colcon.colcon_core.shell:Creating environment hook '/home/jordan/ros2_dev_ws/src/keyboard_control2/install/keyboard_control2/share/keyboard_control2/hook/pythonpath.sh'
[0.731s] Level 1:colcon.colcon_core.environment:create_environment_scripts_only(keyboard_control2)
[0.732s] INFO:colcon.colcon_core.shell:Creating package script '/home/jordan/ros2_dev_ws/src/keyboard_control2/install/keyboard_control2/share/keyboard_control2/package.ps1'
[0.732s] INFO:colcon.colcon_core.shell:Creating package descriptor '/home/jordan/ros2_dev_ws/src/keyboard_control2/install/keyboard_control2/share/keyboard_control2/package.dsv'
[0.733s] INFO:colcon.colcon_core.shell:Creating package script '/home/jordan/ros2_dev_ws/src/keyboard_control2/install/keyboard_control2/share/keyboard_control2/package.sh'
[0.734s] INFO:colcon.colcon_core.shell:Creating package script '/home/jordan/ros2_dev_ws/src/keyboard_control2/install/keyboard_control2/share/keyboard_control2/package.bash'
[0.734s] INFO:colcon.colcon_core.shell:Creating package script '/home/jordan/ros2_dev_ws/src/keyboard_control2/install/keyboard_control2/share/keyboard_control2/package.zsh'
[0.735s] Level 1:colcon.colcon_core.environment:create_file_with_runtime_dependencies(/home/jordan/ros2_dev_ws/src/keyboard_control2/install/keyboard_control2/share/colcon-core/packages/keyboard_control2)
[0.735s] DEBUG:colcon.colcon_parallel_executor.executor.parallel:closing loop
[0.736s] DEBUG:colcon.colcon_parallel_executor.executor.parallel:loop closed
[0.736s] DEBUG:colcon.colcon_parallel_executor.executor.parallel:run_until_complete finished with '0'
[0.736s] DEBUG:colcon.colcon_core.event_reactor:joining thread
[0.748s] INFO:colcon.colcon_core.plugin_system:Skipping extension 'colcon_notification.desktop_notification.terminal_notifier': Not used on non-Darwin systems
[0.748s] INFO:colcon.colcon_core.plugin_system:Skipping extension 'colcon_notification.desktop_notification.win32': Not used on non-Windows systems
[0.748s] INFO:colcon.colcon_notification.desktop_notification:Sending desktop notification using 'notify2'
[0.765s] DEBUG:colcon.colcon_core.event_reactor:joined thread
[0.766s] INFO:colcon.colcon_core.shell:Creating prefix script '/home/jordan/ros2_dev_ws/src/keyboard_control2/install/local_setup.ps1'
[0.767s] INFO:colcon.colcon_core.shell:Creating prefix util module '/home/jordan/ros2_dev_ws/src/keyboard_control2/install/_local_setup_util_ps1.py'
[0.769s] INFO:colcon.colcon_core.shell:Creating prefix chain script '/home/jordan/ros2_dev_ws/src/keyboard_control2/install/setup.ps1'
[0.774s] INFO:colcon.colcon_core.shell:Creating prefix script '/home/jordan/ros2_dev_ws/src/keyboard_control2/install/local_setup.sh'
[0.775s] INFO:colcon.colcon_core.shell:Creating prefix util module '/home/jordan/ros2_dev_ws/src/keyboard_control2/install/_local_setup_util_sh.py'
[0.775s] INFO:colcon.colcon_core.shell:Creating prefix chain script '/home/jordan/ros2_dev_ws/src/keyboard_control2/install/setup.sh'
[0.777s] INFO:colcon.colcon_core.shell:Creating prefix script '/home/jordan/ros2_dev_ws/src/keyboard_control2/install/local_setup.bash'
[0.778s] INFO:colcon.colcon_core.shell:Creating prefix chain script '/home/jordan/ros2_dev_ws/src/keyboard_control2/install/setup.bash'
[0.780s] INFO:colcon.colcon_core.shell:Creating prefix script '/home/jordan/ros2_dev_ws/src/keyboard_control2/install/local_setup.zsh'
[0.780s] INFO:colcon.colcon_core.shell:Creating prefix chain script '/home/jordan/ros2_dev_ws/src/keyboard_control2/install/setup.zsh'
