[0.241s] Invoking command in '/home/jordan/ros2_dev_ws/src/keyboard_control2': PYTHONPATH=/home/jordan/ros2_dev_ws/src/keyboard_control2/install/keyboard_control2/lib/python3.8/site-packages:${PYTHONPATH} /usr/bin/python3 setup.py egg_info --egg-base /home/jordan/ros2_dev_ws/src/keyboard_control2/build/keyboard_control2 build --build-base /home/jordan/ros2_dev_ws/src/keyboard_control2/build/keyboard_control2/build install --prefix /home/jordan/ros2_dev_ws/src/keyboard_control2/install/keyboard_control2 --record /home/jordan/ros2_dev_ws/src/keyboard_control2/build/keyboard_control2/install.log --single-version-externally-managed
[0.451s] running egg_info
[0.451s] writing /home/jordan/ros2_dev_ws/src/keyboard_control2/build/keyboard_control2/keyboard_control2.egg-info/PKG-INFO
[0.452s] writing dependency_links to /home/jordan/ros2_dev_ws/src/keyboard_control2/build/keyboard_control2/keyboard_control2.egg-info/dependency_links.txt
[0.452s] writing entry points to /home/jordan/ros2_dev_ws/src/keyboard_control2/build/keyboard_control2/keyboard_control2.egg-info/entry_points.txt
[0.452s] writing requirements to /home/jordan/ros2_dev_ws/src/keyboard_control2/build/keyboard_control2/keyboard_control2.egg-info/requires.txt
[0.452s] writing top-level names to /home/jordan/ros2_dev_ws/src/keyboard_control2/build/keyboard_control2/keyboard_control2.egg-info/top_level.txt
[0.484s] reading manifest file '/home/jordan/ros2_dev_ws/src/keyboard_control2/build/keyboard_control2/keyboard_control2.egg-info/SOURCES.txt'
[0.485s] writing manifest file '/home/jordan/ros2_dev_ws/src/keyboard_control2/build/keyboard_control2/keyboard_control2.egg-info/SOURCES.txt'
[0.485s] running build
[0.485s] running build_py
[0.485s] copying keyboard_control2/keyboard_input_alt2.py -> /home/jordan/ros2_dev_ws/src/keyboard_control2/build/keyboard_control2/build/lib/keyboard_control2
[0.485s] copying keyboard_control2/keyboard_input3.py -> /home/jordan/ros2_dev_ws/src/keyboard_control2/build/keyboard_control2/build/lib/keyboard_control2
[0.486s] running install
[0.486s] running install_lib
[0.487s] copying /home/jordan/ros2_dev_ws/src/keyboard_control2/build/keyboard_control2/build/lib/keyboard_control2/keyboard_input_alt2.py -> /home/jordan/ros2_dev_ws/src/keyboard_control2/install/keyboard_control2/lib/python3.8/site-packages/keyboard_control2
[0.487s] copying /home/jordan/ros2_dev_ws/src/keyboard_control2/build/keyboard_control2/build/lib/keyboard_control2/keyboard_input3.py -> /home/jordan/ros2_dev_ws/src/keyboard_control2/install/keyboard_control2/lib/python3.8/site-packages/keyboard_control2
[0.488s] byte-compiling /home/jordan/ros2_dev_ws/src/keyboard_control2/install/keyboard_control2/lib/python3.8/site-packages/keyboard_control2/keyboard_input_alt2.py to keyboard_input_alt2.cpython-38.pyc
[0.490s] byte-compiling /home/jordan/ros2_dev_ws/src/keyboard_control2/install/keyboard_control2/lib/python3.8/site-packages/keyboard_control2/keyboard_input3.py to keyboard_input3.cpython-38.pyc
[0.490s]   File "/home/jordan/ros2_dev_ws/src/keyboard_control2/install/keyboard_control2/lib/python3.8/site-packages/keyboard_control2/keyboard_input3.py", line 30
[0.490s]     global publisher = node.create_publisher(Twist, 'cmd_vel', 10)
[0.490s]                      ^
[0.491s] SyntaxError: invalid syntax
[0.491s] 
[0.491s] running install_data
[0.491s] running install_egg_info
[0.492s] removing '/home/jordan/ros2_dev_ws/src/keyboard_control2/install/keyboard_control2/lib/python3.8/site-packages/keyboard_control2-1.0.0-py3.8.egg-info' (and everything under it)
[0.492s] Copying /home/jordan/ros2_dev_ws/src/keyboard_control2/build/keyboard_control2/keyboard_control2.egg-info to /home/jordan/ros2_dev_ws/src/keyboard_control2/install/keyboard_control2/lib/python3.8/site-packages/keyboard_control2-1.0.0-py3.8.egg-info
[0.493s] running install_scripts
[0.509s] Installing keyboard_input3 script to /home/jordan/ros2_dev_ws/src/keyboard_control2/install/keyboard_control2/lib/keyboard_control2
[0.509s] writing list of installed files to '/home/jordan/ros2_dev_ws/src/keyboard_control2/build/keyboard_control2/install.log'
[0.529s] Invoked command in '/home/jordan/ros2_dev_ws/src/keyboard_control2' returned '0': PYTHONPATH=/home/jordan/ros2_dev_ws/src/keyboard_control2/install/keyboard_control2/lib/python3.8/site-packages:${PYTHONPATH} /usr/bin/python3 setup.py egg_info --egg-base /home/jordan/ros2_dev_ws/src/keyboard_control2/build/keyboard_control2 build --build-base /home/jordan/ros2_dev_ws/src/keyboard_control2/build/keyboard_control2/build install --prefix /home/jordan/ros2_dev_ws/src/keyboard_control2/install/keyboard_control2 --record /home/jordan/ros2_dev_ws/src/keyboard_control2/build/keyboard_control2/install.log --single-version-externally-managed
